[0m23:31:15.849981 [debug] [MainThread]: Sending event: {'category': 'dbt', 'action': 'invocation', 'label': 'start', 'context': [<snowplow_tracker.self_describing_json.SelfDescribingJson object at 0x7c01f8300920>, <snowplow_tracker.self_describing_json.SelfDescribingJson object at 0x7c01f9999340>, <snowplow_tracker.self_describing_json.SelfDescribingJson object at 0x7c01f98e5040>]}


============================== 23:31:15.852658 | 3bf3a549-757f-4ed4-af11-b10057dff0f4 ==============================
[0m23:31:15.852658 [info ] [MainThread]: Running with dbt=1.11.3
[0m23:31:15.853051 [debug] [MainThread]: running dbt with arguments {'empty': 'False', 'invocation_command': 'dbt run', 'quiet': 'False', 'indirect_selection': 'eager', 'log_path': 'logs', 'fail_fast': 'False', 'partial_parse': 'True', 'debug': 'False', 'send_anonymous_usage_stats': 'True', 'log_format': 'default', 'introspect': 'True', 'write_json': 'True', 'profiles_dir': '/home/masterful-blitz/.dbt', 'version_check': 'True', 'no_print': 'None', 'warn_error_options': 'WarnErrorOptionsV2(error=[], warn=[], silence=[])', 'log_cache_events': 'False', 'cache_selected_only': 'False', 'use_experimental_parser': 'False', 'target_path': 'None', 'static_parser': 'True', 'warn_error': 'None', 'use_colors': 'True', 'printer_width': '80'}
[0m23:31:15.853362 [error] [MainThread]: Encountered an error:
Runtime Error
  No dbt_project.yml found at expected path /home/masterful-blitz/estudos/airflow-dbt-postgres-project/weather-data-project/dbt_project.yml
  Verify that each entry within packages.yml (and their transitive dependencies) contains a file named dbt_project.yml
  
[0m23:31:15.854426 [debug] [MainThread]: Resource report: {"command_name": "run", "command_success": false, "command_wall_clock_time": 0.04672038, "process_in_blocks": "5456", "process_kernel_time": 0.238094, "process_mem_max_rss": "99472", "process_out_blocks": "8", "process_user_time": 0.904759}
[0m23:31:15.854749 [debug] [MainThread]: Command `dbt run` failed at 23:31:15.854676 after 0.05 seconds
[0m23:31:15.855027 [debug] [MainThread]: Sending event: {'category': 'dbt', 'action': 'invocation', 'label': 'end', 'context': [<snowplow_tracker.self_describing_json.SelfDescribingJson object at 0x7c01fbfb7440>, <snowplow_tracker.self_describing_json.SelfDescribingJson object at 0x7c01f7dcaea0>, <snowplow_tracker.self_describing_json.SelfDescribingJson object at 0x7c01f9999340>]}
[0m23:31:15.855299 [debug] [MainThread]: Flushing usage events
[0m23:31:16.576559 [debug] [MainThread]: An error was encountered while trying to flush usage events
[0m23:34:33.750689 [debug] [MainThread]: Sending event: {'category': 'dbt', 'action': 'invocation', 'label': 'start', 'context': [<snowplow_tracker.self_describing_json.SelfDescribingJson object at 0x7b14d6f1fef0>, <snowplow_tracker.self_describing_json.SelfDescribingJson object at 0x7b14d6b70b30>, <snowplow_tracker.self_describing_json.SelfDescribingJson object at 0x7b14d6b72120>]}


============================== 23:34:33.753311 | 3e3a7a6d-e736-418e-ada6-fe8ee60ba923 ==============================
[0m23:34:33.753311 [info ] [MainThread]: Running with dbt=1.11.3
[0m23:34:33.753767 [debug] [MainThread]: running dbt with arguments {'introspect': 'True', 'warn_error': 'None', 'fail_fast': 'False', 'send_anonymous_usage_stats': 'True', 'write_json': 'True', 'version_check': 'True', 'indirect_selection': 'eager', 'log_path': 'logs', 'static_parser': 'True', 'use_colors': 'True', 'warn_error_options': 'WarnErrorOptionsV2(error=[], warn=[], silence=[])', 'quiet': 'False', 'log_format': 'default', 'log_cache_events': 'False', 'partial_parse': 'True', 'empty': 'False', 'use_experimental_parser': 'False', 'target_path': 'None', 'invocation_command': 'dbt run', 'cache_selected_only': 'False', 'profiles_dir': '/home/masterful-blitz/.dbt', 'no_print': 'None', 'debug': 'False', 'printer_width': '80'}
[0m23:34:33.754144 [error] [MainThread]: Encountered an error:
Runtime Error
  No dbt_project.yml found at expected path /home/masterful-blitz/estudos/airflow-dbt-postgres-project/weather-data-project/dbt_project.yml
  Verify that each entry within packages.yml (and their transitive dependencies) contains a file named dbt_project.yml
  
[0m23:34:33.754862 [debug] [MainThread]: Resource report: {"command_name": "run", "command_success": false, "command_wall_clock_time": 0.044967756, "process_in_blocks": "8", "process_kernel_time": 0.208492, "process_mem_max_rss": "99544", "process_out_blocks": "16", "process_user_time": 0.916499}
[0m23:34:33.755242 [debug] [MainThread]: Command `dbt run` failed at 23:34:33.755158 after 0.05 seconds
[0m23:34:33.755520 [debug] [MainThread]: Sending event: {'category': 'dbt', 'action': 'invocation', 'label': 'end', 'context': [<snowplow_tracker.self_describing_json.SelfDescribingJson object at 0x7b14d713a9f0>, <snowplow_tracker.self_describing_json.SelfDescribingJson object at 0x7b14d63bdee0>, <snowplow_tracker.self_describing_json.SelfDescribingJson object at 0x7b14d647ac60>]}
[0m23:34:33.755786 [debug] [MainThread]: Flushing usage events
[0m23:34:34.306292 [debug] [MainThread]: An error was encountered while trying to flush usage events
